Analysis & Synthesis report for ADS_busSystem
Fri Nov 28 21:26:50 2025
Quartus Prime Version 23.1std.1 Build 993 05/14/2024 SC Lite Edition


---------------------
; Table of Contents ;
---------------------
  1. Legal Notice
  2. Analysis & Synthesis Summary
  3. Analysis & Synthesis Settings
  4. Parallel Compilation
  5. Analysis & Synthesis Messages
  6. Analysis & Synthesis Suppressed Messages



----------------
; Legal Notice ;
----------------
Copyright (C) 2024  Intel Corporation. All rights reserved.
Your use of Intel Corporation's design tools, logic functions 
and other software and tools, and any partner logic 
functions, and any output files from any of the foregoing 
(including device programming or simulation files), and any 
associated documentation or information are expressly subject 
to the terms and conditions of the Intel Program License 
Subscription Agreement, the Intel Quartus Prime License Agreement,
the Intel FPGA IP License Agreement, or other applicable license
agreement, including, without limitation, that your use is for
the sole purpose of programming logic devices manufactured by
Intel and sold by Intel or its authorized distributors.  Please
refer to the applicable agreement for further details, at
https://fpgasoftware.intel.com/eula.



+-------------------------------------------------------------------------------------+
; Analysis & Synthesis Summary                                                        ;
+------------------------------------+------------------------------------------------+
; Analysis & Synthesis Status        ; Failed - Fri Nov 28 21:26:50 2025              ;
; Quartus Prime Version              ; 23.1std.1 Build 993 05/14/2024 SC Lite Edition ;
; Revision Name                      ; ADS_busSystem                                  ;
; Top-level Entity Name              ; demo_top_bb                                    ;
; Family                             ; Cyclone IV E                                   ;
; Total logic elements               ; N/A until Partition Merge                      ;
;     Total combinational functions  ; N/A until Partition Merge                      ;
;     Dedicated logic registers      ; N/A until Partition Merge                      ;
; Total registers                    ; N/A until Partition Merge                      ;
; Total pins                         ; N/A until Partition Merge                      ;
; Total virtual pins                 ; N/A until Partition Merge                      ;
; Total memory bits                  ; N/A until Partition Merge                      ;
; Embedded Multiplier 9-bit elements ; N/A until Partition Merge                      ;
; Total PLLs                         ; N/A until Partition Merge                      ;
+------------------------------------+------------------------------------------------+


+------------------------------------------------------------------------------------------------------------+
; Analysis & Synthesis Settings                                                                              ;
+------------------------------------------------------------------+--------------------+--------------------+
; Option                                                           ; Setting            ; Default Value      ;
+------------------------------------------------------------------+--------------------+--------------------+
; Device                                                           ; EP4CE22F17C6       ;                    ;
; Top-level entity name                                            ; demo_top_bb        ; ADS_busSystem      ;
; Family name                                                      ; Cyclone IV E       ; Cyclone V          ;
; Use smart compilation                                            ; Off                ; Off                ;
; Enable parallel Assembler and Timing Analyzer during compilation ; On                 ; On                 ;
; Enable compact report table                                      ; Off                ; Off                ;
; Restructure Multiplexers                                         ; Auto               ; Auto               ;
; Create Debugging Nodes for IP Cores                              ; Off                ; Off                ;
; Preserve fewer node names                                        ; On                 ; On                 ;
; Intel FPGA IP Evaluation Mode                                    ; Enable             ; Enable             ;
; Verilog Version                                                  ; Verilog_2001       ; Verilog_2001       ;
; VHDL Version                                                     ; VHDL_1993          ; VHDL_1993          ;
; State Machine Processing                                         ; Auto               ; Auto               ;
; Safe State Machine                                               ; Off                ; Off                ;
; Extract Verilog State Machines                                   ; On                 ; On                 ;
; Extract VHDL State Machines                                      ; On                 ; On                 ;
; Ignore Verilog initial constructs                                ; Off                ; Off                ;
; Iteration limit for constant Verilog loops                       ; 5000               ; 5000               ;
; Iteration limit for non-constant Verilog loops                   ; 250                ; 250                ;
; Add Pass-Through Logic to Inferred RAMs                          ; On                 ; On                 ;
; Infer RAMs from Raw Logic                                        ; On                 ; On                 ;
; Parallel Synthesis                                               ; On                 ; On                 ;
; DSP Block Balancing                                              ; Auto               ; Auto               ;
; NOT Gate Push-Back                                               ; On                 ; On                 ;
; Power-Up Don't Care                                              ; On                 ; On                 ;
; Remove Redundant Logic Cells                                     ; Off                ; Off                ;
; Remove Duplicate Registers                                       ; On                 ; On                 ;
; Ignore CARRY Buffers                                             ; Off                ; Off                ;
; Ignore CASCADE Buffers                                           ; Off                ; Off                ;
; Ignore GLOBAL Buffers                                            ; Off                ; Off                ;
; Ignore ROW GLOBAL Buffers                                        ; Off                ; Off                ;
; Ignore LCELL Buffers                                             ; Off                ; Off                ;
; Ignore SOFT Buffers                                              ; On                 ; On                 ;
; Limit AHDL Integers to 32 Bits                                   ; Off                ; Off                ;
; Optimization Technique                                           ; Balanced           ; Balanced           ;
; Carry Chain Length                                               ; 70                 ; 70                 ;
; Auto Carry Chains                                                ; On                 ; On                 ;
; Auto Open-Drain Pins                                             ; On                 ; On                 ;
; Perform WYSIWYG Primitive Resynthesis                            ; Off                ; Off                ;
; Auto ROM Replacement                                             ; On                 ; On                 ;
; Auto RAM Replacement                                             ; On                 ; On                 ;
; Auto DSP Block Replacement                                       ; On                 ; On                 ;
; Auto Shift Register Replacement                                  ; Auto               ; Auto               ;
; Allow Shift Register Merging across Hierarchies                  ; Auto               ; Auto               ;
; Auto Clock Enable Replacement                                    ; On                 ; On                 ;
; Strict RAM Replacement                                           ; Off                ; Off                ;
; Allow Synchronous Control Signals                                ; On                 ; On                 ;
; Force Use of Synchronous Clear Signals                           ; Off                ; Off                ;
; Auto RAM Block Balancing                                         ; On                 ; On                 ;
; Auto RAM to Logic Cell Conversion                                ; Off                ; Off                ;
; Auto Resource Sharing                                            ; Off                ; Off                ;
; Allow Any RAM Size For Recognition                               ; Off                ; Off                ;
; Allow Any ROM Size For Recognition                               ; Off                ; Off                ;
; Allow Any Shift Register Size For Recognition                    ; Off                ; Off                ;
; Use LogicLock Constraints during Resource Balancing              ; On                 ; On                 ;
; Ignore translate_off and synthesis_off directives                ; Off                ; Off                ;
; Timing-Driven Synthesis                                          ; On                 ; On                 ;
; Report Parameter Settings                                        ; On                 ; On                 ;
; Report Source Assignments                                        ; On                 ; On                 ;
; Report Connectivity Checks                                       ; On                 ; On                 ;
; Ignore Maximum Fan-Out Assignments                               ; Off                ; Off                ;
; Synchronization Register Chain Length                            ; 2                  ; 2                  ;
; Power Optimization During Synthesis                              ; Normal compilation ; Normal compilation ;
; HDL message level                                                ; Level2             ; Level2             ;
; Suppress Register Optimization Related Messages                  ; Off                ; Off                ;
; Number of Removed Registers Reported in Synthesis Report         ; 5000               ; 5000               ;
; Number of Swept Nodes Reported in Synthesis Report               ; 5000               ; 5000               ;
; Number of Inverted Registers Reported in Synthesis Report        ; 100                ; 100                ;
; Clock MUX Protection                                             ; On                 ; On                 ;
; Auto Gated Clock Conversion                                      ; Off                ; Off                ;
; Block Design Naming                                              ; Auto               ; Auto               ;
; SDC constraint protection                                        ; Off                ; Off                ;
; Synthesis Effort                                                 ; Auto               ; Auto               ;
; Shift Register Replacement - Allow Asynchronous Clear Signal     ; On                 ; On                 ;
; Pre-Mapping Resynthesis Optimization                             ; Off                ; Off                ;
; Analysis & Synthesis Message Level                               ; Medium             ; Medium             ;
; Disable Register Merging Across Hierarchies                      ; Auto               ; Auto               ;
; Resource Aware Inference For Block RAM                           ; On                 ; On                 ;
+------------------------------------------------------------------+--------------------+--------------------+


+------------------------------------------+
; Parallel Compilation                     ;
+----------------------------+-------------+
; Processors                 ; Number      ;
+----------------------------+-------------+
; Number detected on machine ; 20          ;
; Maximum allowed            ; 14          ;
;                            ;             ;
; Average used               ; 1.00        ;
; Maximum used               ; 1           ;
;                            ;             ;
; Usage by Processor         ; % Time Used ;
;     Processor 1            ; 100.0%      ;
+----------------------------+-------------+


+-------------------------------+
; Analysis & Synthesis Messages ;
+-------------------------------+
Info: *******************************************************************
Info: Running Quartus Prime Analysis & Synthesis
    Info: Version 23.1std.1 Build 993 05/14/2024 SC Lite Edition
    Info: Processing started: Fri Nov 28 21:26:43 2025
Info: Command: quartus_map --read_settings_files=on --write_settings_files=off ADS_busSystem -c ADS_busSystem
Warning (18236): Number of processors has not been specified which may cause overloading on shared machines.  Set the global assignment NUM_PARALLEL_PROCESSORS in your QSF to an appropriate value for best performance.
Info (20030): Parallel compilation is enabled and will use 14 of the 14 processors detected
Info (12021): Found 1 design units, including 1 entities, in source file /users/pasir/desktop/github/ads-system-bus-main/ads_bus_simulation/rtl/top_with_bb_v1.v
    Info (12023): Found entity 1: top_with_bb_v1 File: C:/Users/pasir/Desktop/Github/ads-system-bus-main/ADS_bus_simulation/RTL/top_with_bb_v1.v Line: 1
Info (12021): Found 1 design units, including 1 entities, in source file /users/pasir/desktop/github/ads-system-bus-main/ads_bus_simulation/rtl/demo_top_bb.v
    Info (12023): Found entity 1: demo_top_bb File: C:/Users/pasir/Desktop/Github/ads-system-bus-main/ADS_bus_simulation/RTL/demo_top_bb.v Line: 1
Info (12021): Found 1 design units, including 1 entities, in source file /users/pasir/desktop/github/ads-system-bus-main/ads_bus_simulation/rtl/uart_tx_other.v
    Info (12023): Found entity 1: uart_tx_other File: C:/Users/pasir/Desktop/Github/ads-system-bus-main/ADS_bus_simulation/RTL/uart_tx_other.v Line: 1
Info (12021): Found 1 design units, including 1 entities, in source file /users/pasir/desktop/github/ads-system-bus-main/ads_bus_simulation/rtl/uart_tx.v
    Info (12023): Found entity 1: uart_tx File: C:/Users/pasir/Desktop/Github/ads-system-bus-main/ADS_bus_simulation/RTL/uart_tx.v Line: 1
Info (12021): Found 1 design units, including 1 entities, in source file /users/pasir/desktop/github/ads-system-bus-main/ads_bus_simulation/rtl/uart_rx_other.v
    Info (12023): Found entity 1: uart_rx_other File: C:/Users/pasir/Desktop/Github/ads-system-bus-main/ADS_bus_simulation/RTL/uart_rx_other.v Line: 1
Info (12021): Found 1 design units, including 1 entities, in source file /users/pasir/desktop/github/ads-system-bus-main/ads_bus_simulation/rtl/uart_rx.v
    Info (12023): Found entity 1: uart_rx File: C:/Users/pasir/Desktop/Github/ads-system-bus-main/ADS_bus_simulation/RTL/uart_rx.v Line: 1
Info (12021): Found 1 design units, including 1 entities, in source file /users/pasir/desktop/github/ads-system-bus-main/ads_bus_simulation/rtl/uart_other.v
    Info (12023): Found entity 1: uart_other File: C:/Users/pasir/Desktop/Github/ads-system-bus-main/ADS_bus_simulation/RTL/uart_other.v Line: 1
Info (12021): Found 1 design units, including 1 entities, in source file /users/pasir/desktop/github/ads-system-bus-main/ads_bus_simulation/rtl/uart.v
    Info (12023): Found entity 1: uart File: C:/Users/pasir/Desktop/Github/ads-system-bus-main/ADS_bus_simulation/RTL/uart.v Line: 1
Info (12021): Found 1 design units, including 1 entities, in source file /users/pasir/desktop/github/ads-system-bus-main/ads_bus_simulation/rtl/slave_with_bram.v
    Info (12023): Found entity 1: slave_with_bram File: C:/Users/pasir/Desktop/Github/ads-system-bus-main/ADS_bus_simulation/RTL/slave_with_bram.v Line: 1
Info (12021): Found 1 design units, including 1 entities, in source file /users/pasir/desktop/github/ads-system-bus-main/ads_bus_simulation/rtl/slave_port.v
    Info (12023): Found entity 1: slave_port File: C:/Users/pasir/Desktop/Github/ads-system-bus-main/ADS_bus_simulation/RTL/slave_port.v Line: 1
Info (12021): Found 1 design units, including 1 entities, in source file /users/pasir/desktop/github/ads-system-bus-main/ads_bus_simulation/rtl/slave_memory_bram.v
    Info (12023): Found entity 1: slave_memory_bram File: C:/Users/pasir/Desktop/Github/ads-system-bus-main/ADS_bus_simulation/RTL/slave_memory_bram.v Line: 1
Info (12021): Found 1 design units, including 1 entities, in source file /users/pasir/desktop/github/ads-system-bus-main/ads_bus_simulation/rtl/slave_bram_2k.v
    Info (12023): Found entity 1: slave_bram_2k File: C:/Users/pasir/Desktop/Github/ads-system-bus-main/ADS_bus_simulation/RTL/slave_bram_2k.v Line: 40
Info (12021): Found 1 design units, including 1 entities, in source file /users/pasir/desktop/github/ads-system-bus-main/ads_bus_simulation/rtl/slave_bram.v
    Info (12023): Found entity 1: slave_bram File: C:/Users/pasir/Desktop/Github/ads-system-bus-main/ADS_bus_simulation/RTL/slave_bram.v Line: 40
Info (12021): Found 1 design units, including 1 entities, in source file /users/pasir/desktop/github/ads-system-bus-main/ads_bus_simulation/rtl/mux3.v
    Info (12023): Found entity 1: mux3 File: C:/Users/pasir/Desktop/Github/ads-system-bus-main/ADS_bus_simulation/RTL/mux3.v Line: 1
Info (12021): Found 1 design units, including 1 entities, in source file /users/pasir/desktop/github/ads-system-bus-main/ads_bus_simulation/rtl/mux2.v
    Info (12023): Found entity 1: mux2 File: C:/Users/pasir/Desktop/Github/ads-system-bus-main/ADS_bus_simulation/RTL/mux2.v Line: 1
Info (12021): Found 1 design units, including 1 entities, in source file /users/pasir/desktop/github/ads-system-bus-main/ads_bus_simulation/rtl/master_port.v
    Info (12023): Found entity 1: master_port File: C:/Users/pasir/Desktop/Github/ads-system-bus-main/ADS_bus_simulation/RTL/master_port.v Line: 1
Info (12021): Found 1 design units, including 1 entities, in source file /users/pasir/desktop/github/ads-system-bus-main/ads_bus_simulation/rtl/master_bram.v
    Info (12023): Found entity 1: master_bram File: C:/Users/pasir/Desktop/Github/ads-system-bus-main/ADS_bus_simulation/RTL/master_bram.v Line: 40
Info (12021): Found 1 design units, including 1 entities, in source file /users/pasir/desktop/github/ads-system-bus-main/ads_bus_simulation/rtl/fifo.v
    Info (12023): Found entity 1: fifo File: C:/Users/pasir/Desktop/Github/ads-system-bus-main/ADS_bus_simulation/RTL/fifo.v Line: 2
Info (12021): Found 1 design units, including 1 entities, in source file /users/pasir/desktop/github/ads-system-bus-main/ads_bus_simulation/rtl/demo_top.v
    Info (12023): Found entity 1: demo_top File: C:/Users/pasir/Desktop/Github/ads-system-bus-main/ADS_bus_simulation/RTL/demo_top.v Line: 1
Info (12021): Found 1 design units, including 1 entities, in source file /users/pasir/desktop/github/ads-system-bus-main/ads_bus_simulation/rtl/demo_master.v
    Info (12023): Found entity 1: demo_master File: C:/Users/pasir/Desktop/Github/ads-system-bus-main/ADS_bus_simulation/RTL/demo_master.v Line: 1
Info (12021): Found 1 design units, including 1 entities, in source file /users/pasir/desktop/github/ads-system-bus-main/ads_bus_simulation/rtl/dec3.v
    Info (12023): Found entity 1: dec3 File: C:/Users/pasir/Desktop/Github/ads-system-bus-main/ADS_bus_simulation/RTL/dec3.v Line: 2
Info (12021): Found 1 design units, including 1 entities, in source file /users/pasir/desktop/github/ads-system-bus-main/ads_bus_simulation/rtl/bus_m2_s3.v
    Info (12023): Found entity 1: bus_m2_s3 File: C:/Users/pasir/Desktop/Github/ads-system-bus-main/ADS_bus_simulation/RTL/bus_m2_s3.v Line: 2
Info (12021): Found 1 design units, including 1 entities, in source file /users/pasir/desktop/github/ads-system-bus-main/ads_bus_simulation/rtl/bus_bridge_slave.v
    Info (12023): Found entity 1: bus_bridge_slave File: C:/Users/pasir/Desktop/Github/ads-system-bus-main/ADS_bus_simulation/RTL/bus_bridge_slave.v Line: 1
Info (12021): Found 1 design units, including 1 entities, in source file /users/pasir/desktop/github/ads-system-bus-main/ads_bus_simulation/rtl/bus_bridge_master.v
    Info (12023): Found entity 1: bus_bridge_master File: C:/Users/pasir/Desktop/Github/ads-system-bus-main/ADS_bus_simulation/RTL/bus_bridge_master.v Line: 6
Info (12021): Found 1 design units, including 1 entities, in source file /users/pasir/desktop/github/ads-system-bus-main/ads_bus_simulation/rtl/baudrate.sv
    Info (12023): Found entity 1: baudrate File: C:/Users/pasir/Desktop/Github/ads-system-bus-main/ADS_bus_simulation/RTL/baudrate.sv Line: 1
Info (12021): Found 1 design units, including 1 entities, in source file /users/pasir/desktop/github/ads-system-bus-main/ads_bus_simulation/rtl/arbiter.v
    Info (12023): Found entity 1: arbiter File: C:/Users/pasir/Desktop/Github/ads-system-bus-main/ADS_bus_simulation/RTL/arbiter.v Line: 1
Info (12021): Found 1 design units, including 1 entities, in source file /users/pasir/desktop/github/ads-system-bus-main/ads_bus_simulation/rtl/addr_decoder.v
    Info (12023): Found entity 1: addr_decoder File: C:/Users/pasir/Desktop/Github/ads-system-bus-main/ADS_bus_simulation/RTL/addr_decoder.v Line: 2
Info (12021): Found 1 design units, including 1 entities, in source file /users/pasir/desktop/github/ads-system-bus-main/ads_bus_simulation/rtl/addr_convert.v
    Info (12023): Found entity 1: addr_convert File: C:/Users/pasir/Desktop/Github/ads-system-bus-main/ADS_bus_simulation/RTL/addr_convert.v Line: 2
Error (10137): Verilog HDL Procedural Assignment error at bus_bridge_master.v(164): object "daddr" on left-hand side of assignment must have a variable data type File: C:/Users/pasir/Desktop/Github/ads-system-bus-main/ADS_bus_simulation/RTL/bus_bridge_master.v Line: 164
Info (144001): Generated suppressed messages file C:/Users/pasir/Desktop/Github/ads-system-bus-main/ADS_busSystem/output_files/ADS_busSystem.map.smsg
Error: Quartus Prime Analysis & Synthesis was unsuccessful. 1 error, 1 warning
    Error: Peak virtual memory: 4720 megabytes
    Error: Processing ended: Fri Nov 28 21:26:50 2025
    Error: Elapsed time: 00:00:07
    Error: Total CPU time (on all processors): 00:00:19


+------------------------------------------+
; Analysis & Synthesis Suppressed Messages ;
+------------------------------------------+
The suppressed messages can be found in C:/Users/pasir/Desktop/Github/ads-system-bus-main/ADS_busSystem/output_files/ADS_busSystem.map.smsg.


